Arguments: 
  C:\Program Files\nodejs\node.exe C:\Program Files (x86)\Yarn\bin\yarn.js

PATH: 
  C:\Windows\System32;C:\Windows\System32\wbem;c:\Python39\;C:\MinGW\bin\;C:\Program Files (x86)\Yarn\bin\;C:\Program Files\Git\cmd;C:\WINDOWS;C:\Program Files\nodejs\;C:\xampp7.46\php;C:\ProgramData\ComposerSetup\bin;C:\WINDOWS\system32;C:\WINDOWS\System32\Wbem;C:\WINDOWS\System32\WindowsPowerShell\v1.0\;C:\WINDOWS\System32\OpenSSH\;c:\Program Files\Git\bin;C:\Program Files (x86)\NVIDIA Corporation\PhysX\Common;C:\Python39\Scripts\;C:\Users\Administrator\AppData\Local\Microsoft\WindowsApps;c:\nvm;C:\Program Files\nodejs;C:\Users\Administrator\composer;C:\Users\Administrator\AppData\Roaming\Composer\vendor\bin;C:\Users\Administrator\AppData\Local\GitHubDesktop\bin;C:\Users\Administrator\.dotnet\tools;C:\Users\Administrator\AppData\Local\Yarn\bin;C:\Users\Administrator\AppData\Roaming\npm;C:\Users\Administrator\AppData\Local\Programs\Microsoft VS Code\bin;

Yarn version: 
  1.22.5

Node version: 
  14.17.2

Platform: 
  win32 x64

Trace: 
  Error: https://registry.yarnpkg.com/@chainlink/contracts/-/contracts-0.1.9.tgz: ESOCKETTIMEDOUT
      at ClientRequest.<anonymous> (C:\Program Files (x86)\Yarn\lib\cli.js:141376:19)
      at Object.onceWrapper (events.js:481:28)
      at ClientRequest.emit (events.js:375:28)
      at TLSSocket.emitRequestTimeout (_http_client.js:790:9)
      at Object.onceWrapper (events.js:481:28)
      at TLSSocket.emit (events.js:387:35)
      at TLSSocket.Socket._onTimeout (net.js:484:8)
      at listOnTimeout (internal/timers.js:557:17)
      at processTimers (internal/timers.js:500:7)

npm manifest: 
  {
    "name": "MeowDAO",
    "version": "1.0.0",
    "description": "",
    "main": "truffle-config.js",
    "directories": {
      "example": "example",
      "test": "test"
    },
    "scripts": {
      "test": "echo \"Error: no test specified\" && exit 1"
    },
    "author": "",
    "license": "ISC",
    "dependencies": {
      "@chainlink/contracts": "^0.1.6",
      "@openzeppelin/contracts": "^4.0.0",
      "@openzeppelin/contracts-upgradeable": "^4.0.0"
    },
    "devDependencies": {
      "@chainlink/belt": "^0.0.3",
      "@chainlink/test-helpers": "0.0.5",
      "@openzeppelin/test-helpers": "^0.5.10",
      "@openzeppelin/truffle-upgrades": "^1.5.0",
      "@truffle/hdwallet-provider": "1.2.1",
      "chai": "^4.3.4"
    }
  }

yarn manifest: 
  No manifest

Lockfile: 
  No lockfile
